[11:36:22] 🔍 Scraping 91mobiles for APPLE...
[11:36:24]   🛑 Blocked (HTTP 403).
[11:36:24] 🔍 Scraping Gadgets360 for APPLE...
[11:36:24]   🛑 Blocked (HTTP 403).
[11:36:24] ⚠️ No Apple data found.
[11:37:06] 🔍 Scraping 91mobiles for APPLE...
[11:37:08]   🛑 Blocked or Empty (HTTP 403). Rotating IP...
[11:37:25]   🛑 Blocked or Empty (HTTP 403). Rotating IP...
[11:37:59]   🛑 Blocked or Empty (HTTP 403). Rotating IP...
[11:38:28]   🛑 Blocked or Empty (HTTP 403). Rotating IP...
[11:39:06]   🛑 Blocked or Empty (HTTP 403). Rotating IP...
[11:39:16]   ❌ Failed to fetch https://www.91mobiles.com/apple-laptop-price-list-in-india
[11:39:16] 🔍 Scraping Gadgets360 for APPLE...
[11:39:18]   🛑 Blocked or Empty (HTTP 403). Rotating IP...
[11:39:36]   🛑 Blocked or Empty (HTTP 403). Rotating IP...
[11:39:58]   🛑 Blocked or Empty (HTTP 403). Rotating IP...
[11:40:25]   🛑 Blocked or Empty (HTTP 403). Rotating IP...
[11:40:56]   🛑 Blocked or Empty (HTTP 403). Rotating IP...
[11:41:06]   ❌ Failed to fetch https://www.gadgets360.com/laptops/apple-laptop-price-list
[11:41:06] ⚠️ No Apple data found.
