[14:39:45] 
==============================
[14:39:45] 🚀 Starting Brand: HP
[14:39:45] ==============================
[14:39:45] 🔍 Scraping 91mobiles for HP...
[14:39:46]   🛑 Blocked (HTTP 403). These sites often require human interaction or rotating proxies.
[14:39:46] 🔍 Scraping Gadgets360 for HP...
[14:39:47]   🛑 Blocked (HTTP 403). These sites often require human interaction or rotating proxies.
[14:39:47] ⚠️  No data found for HP. Skipping checkpoint.
[14:39:47] 💤 Cooling down for 10s before next brand...
[14:39:57] 
==============================
[14:39:57] 🚀 Starting Brand: DELL
[14:39:57] ==============================
[14:39:57] 🔍 Scraping 91mobiles for DELL...
[14:39:57]   🛑 Blocked (HTTP 403). These sites often require human interaction or rotating proxies.
[14:39:57] 🔍 Scraping Gadgets360 for DELL...
[14:39:58]   🛑 Blocked (HTTP 403). These sites often require human interaction or rotating proxies.
[14:39:58] ⚠️  No data found for DELL. Skipping checkpoint.
[14:39:58] 💤 Cooling down for 10s before next brand...
[14:40:08] 
==============================
[14:40:08] 🚀 Starting Brand: LENOVO
[14:40:08] ==============================
[14:40:08] 🔍 Scraping 91mobiles for LENOVO...
[14:40:10]   🛑 Blocked (HTTP 403). These sites often require human interaction or rotating proxies.
[14:40:10] 🔍 Scraping Gadgets360 for LENOVO...
[14:40:11]   🛑 Blocked (HTTP 403). These sites often require human interaction or rotating proxies.
[14:40:11] ⚠️  No data found for LENOVO. Skipping checkpoint.
[14:40:11] 💤 Cooling down for 10s before next brand...
[14:40:21] 
==============================
[14:40:21] 🚀 Starting Brand: ASUS
[14:40:21] ==============================
[14:40:21] 🔍 Scraping 91mobiles for ASUS...
[14:40:22]   🛑 Blocked (HTTP 403). These sites often require human interaction or rotating proxies.
[14:40:22] 🔍 Scraping Gadgets360 for ASUS...
[14:40:23]   🛑 Blocked (HTTP 403). These sites often require human interaction or rotating proxies.
[14:40:23] ⚠️  No data found for ASUS. Skipping checkpoint.
[14:40:23] 💤 Cooling down for 10s before next brand...
[14:40:33] 
==============================
[14:40:33] 🚀 Starting Brand: ACER
[14:40:33] ==============================
[14:40:33] 🔍 Scraping 91mobiles for ACER...
[14:40:33]   🛑 Blocked (HTTP 403). These sites often require human interaction or rotating proxies.
[14:40:33] 🔍 Scraping Gadgets360 for ACER...
[14:40:34]   🛑 Blocked (HTTP 403). These sites often require human interaction or rotating proxies.
[14:40:34] ⚠️  No data found for ACER. Skipping checkpoint.
[14:40:34] 💤 Cooling down for 10s before next brand...
[14:40:44] 
==============================
[14:40:44] 🚀 Starting Brand: APPLE
[14:40:44] ==============================
[14:40:44] 🔍 Scraping 91mobiles for APPLE...
[14:40:45]   🛑 Blocked (HTTP 403). These sites often require human interaction or rotating proxies.
[14:40:45] 🔍 Scraping Gadgets360 for APPLE...
[14:40:46]   🛑 Blocked (HTTP 403). These sites often require human interaction or rotating proxies.
[14:40:46] ⚠️  No data found for APPLE. Skipping checkpoint.
[14:40:46] 💤 Cooling down for 10s before next brand...
